<?xml version="1.0" encoding="UTF-8"?>
<testng-results skipped="0" failed="0" ignored="0" total="1" passed="1">
  <reporter-output>
    <line>
      <![CDATA[<div style="display:table-row;border: 1px solid navy;margin:20px;padding: 10px;"><div style="display:table-cell;margin-right:300px;border: 1px solid navy;">Home page is shown. </div><div style="display:table-cell;margin-left:30px;border: 1px solid navy;"><a href="/Users/aman.agrawal/Documents/SpringApp/mobileAppAutomation/AppTest/screenshot/20171026_173331.png">Screenshot</a></div></div></br>]]>
    </line>
    <line>
      <![CDATA[<div style="display:table-row;border: 1px solid navy;margin:20px;padding: 10px;"><div style="display:table-cell;margin-right:300px;border: 1px solid navy;">Search box is shown on Home page. </div><div style="display:table-cell;margin-left:30px;border: 1px solid navy;"><a href="/Users/aman.agrawal/Documents/SpringApp/mobileAppAutomation/AppTest/screenshot/20171026_173337.png">Screenshot</a></div></div></br>]]>
    </line>
    <line>
      <![CDATA[<div style="display:table-row;border: 1px solid navy;margin:20px;padding: 10px;"><div style="display:table-cell;margin-right:300px;border: 1px solid navy;">Search edit text box is shown. </div><div style="display:table-cell;margin-left:30px;border: 1px solid navy;"><a href="/Users/aman.agrawal/Documents/SpringApp/mobileAppAutomation/AppTest/screenshot/20171026_173340.png">Screenshot</a></div></div></br>]]>
    </line>
    <line>
      <![CDATA[<div style="display:table-row;border: 1px solid navy;margin:20px;padding: 10px;"><div style="display:table-cell;margin-right:300px;border: 1px solid navy;">element shown </div><div style="display:table-cell;margin-left:30px;border: 1px solid navy;"><a href="/Users/aman.agrawal/Documents/SpringApp/mobileAppAutomation/AppTest/screenshot/20171026_173357.png">Screenshot</a></div></div></br>]]>
    </line>
  </reporter-output>
  <suite name="Default suite" duration-ms="35558" started-at="2017-10-26T12:03:28Z" finished-at="2017-10-26T12:04:04Z">
    <groups>
    </groups>
    <test name="Default test" duration-ms="35558" started-at="2017-10-26T12:03:28Z" finished-at="2017-10-26T12:04:04Z">
      <class name="com.app.test.SnapdealTest">
        <test-method status="PASS" signature="setUp(java.lang.String)[pri:0, instance:com.app.test.SnapdealTest@724af044]" name="setUp" is-config="true" duration-ms="48348" started-at="2017-10-26T17:32:40Z" finished-at="2017-10-26T17:33:28Z">
          <params>
            <param index="0">
              <value>
                <![CDATA[snapApp]]>
              </value>
            </param>
          </params>
          <reporter-output>
          </reporter-output>
        </test-method> <!-- setUp -->
        <test-method status="PASS" signature="snapdeal_Product_Search_Sort_PDP_Watch_Login_Test()[pri:0, instance:com.app.test.SnapdealTest@724af044]" name="snapdeal_Product_Search_Sort_PDP_Watch_Login_Test" duration-ms="35549" started-at="2017-10-26T17:33:28Z" finished-at="2017-10-26T17:34:04Z">
          <reporter-output>
            <line>
              <![CDATA[<div style="display:table-row;border: 1px solid navy;margin:20px;padding: 10px;"><div style="display:table-cell;margin-right:300px;border: 1px solid navy;">Home page is shown. </div><div style="display:table-cell;margin-left:30px;border: 1px solid navy;"><a href="/Users/aman.agrawal/Documents/SpringApp/mobileAppAutomation/AppTest/screenshot/20171026_173331.png">Screenshot</a></div></div></br>]]>
            </line>
            <line>
              <![CDATA[<div style="display:table-row;border: 1px solid navy;margin:20px;padding: 10px;"><div style="display:table-cell;margin-right:300px;border: 1px solid navy;">Search box is shown on Home page. </div><div style="display:table-cell;margin-left:30px;border: 1px solid navy;"><a href="/Users/aman.agrawal/Documents/SpringApp/mobileAppAutomation/AppTest/screenshot/20171026_173337.png">Screenshot</a></div></div></br>]]>
            </line>
            <line>
              <![CDATA[<div style="display:table-row;border: 1px solid navy;margin:20px;padding: 10px;"><div style="display:table-cell;margin-right:300px;border: 1px solid navy;">Search edit text box is shown. </div><div style="display:table-cell;margin-left:30px;border: 1px solid navy;"><a href="/Users/aman.agrawal/Documents/SpringApp/mobileAppAutomation/AppTest/screenshot/20171026_173340.png">Screenshot</a></div></div></br>]]>
            </line>
            <line>
              <![CDATA[<div style="display:table-row;border: 1px solid navy;margin:20px;padding: 10px;"><div style="display:table-cell;margin-right:300px;border: 1px solid navy;">element shown </div><div style="display:table-cell;margin-left:30px;border: 1px solid navy;"><a href="/Users/aman.agrawal/Documents/SpringApp/mobileAppAutomation/AppTest/screenshot/20171026_173357.png">Screenshot</a></div></div></br>]]>
            </line>
          </reporter-output>
        </test-method> <!-- snapdeal_Product_Search_Sort_PDP_Watch_Login_Test -->
        <test-method status="PASS" signature="stopAppium()[pri:0, instance:com.app.test.SnapdealTest@724af044]" name="stopAppium" is-config="true" duration-ms="4641" started-at="2017-10-26T17:34:05Z" finished-at="2017-10-26T17:34:10Z">
          <reporter-output>
          </reporter-output>
        </test-method> <!-- stopAppium -->
      </class> <!-- com.app.test.SnapdealTest -->
    </test> <!-- Default test -->
  </suite> <!-- Default suite -->
</testng-results>
